


              node`0x94100000
                1

              node`0x1225600
                1

              node`0x1226000
                1

              node`0x1239e00
                1

              node`0x1
                1

              node`0x2
                1

              node`0x5fbf7010
                1

              node`0x1804c20
                1

              node`0x94391a28
                1

              node`0x1805030
                1

              node`0x7542c43c
                1

              node`0x5fbf6f40
                1

              node`0x1846e50
                1

              node`0x61
                1

              node`0x63
                1

              node`0x1846e78
                1

              node`0x35c04181
                1

              node`0x954aed99
                1

              node`0xbeeddead
                1

              node`0x5fbff6d8
                1

              node`0x5fbf70e0
                1

              node`0x49071f0
                1

              node`0x1222e00
                2

              node`0x1809ee0
                2

              node`0x35c041a1
                3

               18
